<?xml version="1.0" encoding="UTF-8"?>
<!-- Generated by org.testng.reporters.JUnitReportReporter -->
<testsuite skipped="0" hostname="Purvi_Dholakia" name="com.tutorialsninja.qa.testcases.Search" tests="3" failures="0" timestamp="2023-03-18T15:35:02 EDT" time="20.083" errors="0">
  <testcase name="verifySearchwithValidProduct" time="6.843" classname="com.tutorialsninja.qa.testcases.Search"/>
  <system-out/>
  <testcase name="verifySearchWithInvalidProduct" time="6.661" classname="com.tutorialsninja.qa.testcases.Search"/>
  <system-out/>
  <testcase name="verifySearchWithoutAnyProduct" time="6.579" classname="com.tutorialsninja.qa.testcases.Search"/>
  <system-out/>
</testsuite> <!-- com.tutorialsninja.qa.testcases.Search -->
