<?xml version="1.0" encoding="UTF-8"?>
<!-- Generated by org.testng.reporters.JUnitReportReporter -->
<testsuite skipped="0" hostname="Purvi_Dholakia" name="com.tutorialsninja.qa.testcases.Login" tests="7" failures="0" timestamp="2023-03-18T15:35:02 EDT" time="49.501" errors="0">
  <testcase name="verifyLoginWithValidCredentials" time="8.128" classname="com.tutorialsninja.qa.testcases.Login"/>
  <system-out/>
  <testcase name="verifyLoginWithInvalidCredentials" time="6.606" classname="com.tutorialsninja.qa.testcases.Login"/>
  <system-out/>
  <testcase name="verifyLoginWithInvalidCredentials" time="7.873" classname="com.tutorialsninja.qa.testcases.Login"/>
  <system-out/>
  <testcase name="verifyLoginWithInvalidCredentials" time="6.762" classname="com.tutorialsninja.qa.testcases.Login"/>
  <system-out/>
  <testcase name="verifyLoginWithInvalidEmailAndValidPassword" time="6.446" classname="com.tutorialsninja.qa.testcases.Login"/>
  <system-out/>
  <testcase name="verifyLoginWithValidEmailAndInvalidPassword" time="6.744" classname="com.tutorialsninja.qa.testcases.Login"/>
  <system-out/>
  <testcase name="LoginwithoutCredentials" time="6.942" classname="com.tutorialsninja.qa.testcases.Login"/>
  <system-out/>
</testsuite> <!-- com.tutorialsninja.qa.testcases.Login -->
