<?xml version="1.0" encoding="UTF-8"?>
<!-- Generated by org.testng.reporters.JUnitReportReporter -->
<testsuite skipped="0" hostname="Purvi_Dholakia" name="com.tutorialsninja.qa.testcases.Register" tests="4" failures="0" timestamp="2023-03-18T15:35:02 EDT" time="35.313" errors="0">
  <testcase name="verifyRegisteringAnAccountWithMandatoryFields" time="8.070" classname="com.tutorialsninja.qa.testcases.Register"/>
  <system-out/>
  <testcase name="verifyRegisteringAndAccountByProvidingAllFields" time="12.427" classname="com.tutorialsninja.qa.testcases.Register"/>
  <system-out/>
  <testcase name="verifyRegisteringAccountWithExistingEmailAddress" time="7.658" classname="com.tutorialsninja.qa.testcases.Register"/>
  <system-out/>
  <testcase name="verifyregisteringAccountWithoutFillingAnyDetails" time="7.158" classname="com.tutorialsninja.qa.testcases.Register"/>
  <system-out/>
</testsuite> <!-- com.tutorialsninja.qa.testcases.Register -->
